2025-02-15 23:23:08,274 - labels_preparation.py - process_labels - INFO - Labels processed
2025-02-15 23:23:11,066 - visuals.py - plot_binarisation_choice - INFO - heatbinarisation plot displayed
2025-02-15 23:23:25,113 - visuals.py - label_distribution - INFO - pie chart displayed
2025-02-15 23:23:25,303 - reshape_datasets.py - reshape_input_eeg - INFO - The reshape csv is done as data/reshaped_correlations.csv
2025-02-15 23:23:25,406 - reshape_datasets.py - reshape_input_eeg - INFO - The reshape csv is done as data/reshaped_correlations5.csv
2025-02-15 23:23:25,551 - reshape_datasets.py - reshape_input_eeg - INFO - The reshape csv is done as data/reshaped_correlations10.csv
2025-02-15 23:23:26,362 - reshape_datasets.py - reshape_input_eeg - INFO - The reshape csv is done as data/reshaped_correlations60.csv
2025-02-15 23:23:28,026 - reshape_datasets.py - reshape_input_eeg - INFO - The reshape csv is done as data/reshaped_correlations120.csv
2025-02-15 23:23:28,042 - svm.py - train_svm - INFO - Starting SVM training on dataset: data/reshaped_correlations120.csv
2025-02-15 23:23:28,411 - svm.py - train_svm - INFO - Starting hyperparameter tuning with GridSearchCV...
2025-02-15 23:24:46,766 - svm.py - train_svm - INFO - Best model: Pipeline(steps=[('scaler', StandardScaler()), ('select', SelectKBest(k=40)),
                ('svc',
                 SVC(C=0.1, class_weight='balanced', gamma=0.1, kernel='poly',
                     probability=True))])
2025-02-15 23:24:46,768 - svm.py - train_svm - INFO - Best parameters: {'select__k': 40, 'svc__C': 0.1, 'svc__degree': 3, 'svc__gamma': 0.1, 'svc__kernel': 'poly'}
2025-02-15 23:24:46,769 - svm.py - train_svm - INFO - Best F1 Score: 0.7567032967032967
2025-02-15 23:24:55,304 - visuals.py - plot_grid_search_results - INFO - grid search results displayed
2025-02-15 23:24:55,305 - svm.py - multi_datasets - INFO - Running SVM training on multiple datasets...
2025-02-15 23:24:55,308 - svm.py - train_svm - INFO - Starting SVM training on dataset: data/reshaped_correlations.csv
2025-02-15 23:24:55,368 - svm.py - train_svm - INFO - Starting hyperparameter tuning with GridSearchCV...
2025-02-15 23:25:55,846 - svm.py - train_svm - INFO - Best model: Pipeline(steps=[('scaler', StandardScaler()), ('select', SelectKBest(k=5)),
                ('svc',
                 SVC(C=1, class_weight='balanced', degree=2, gamma=10,
                     probability=True))])
2025-02-15 23:25:55,848 - svm.py - train_svm - INFO - Best parameters: {'select__k': 5, 'svc__C': 1, 'svc__degree': 2, 'svc__gamma': 10, 'svc__kernel': 'rbf'}
2025-02-15 23:25:55,848 - svm.py - train_svm - INFO - Best F1 Score: 0.7534065934065934
2025-02-15 23:25:55,851 - svm.py - train_svm - INFO - Starting SVM training on dataset: data/reshaped_correlations10.csv
2025-02-15 23:25:55,933 - svm.py - train_svm - INFO - Starting hyperparameter tuning with GridSearchCV...
2025-02-15 23:27:00,338 - svm.py - train_svm - INFO - Best model: Pipeline(steps=[('scaler', StandardScaler()), ('select', SelectKBest(k=5)),
                ('svc',
                 SVC(C=1, class_weight='balanced', degree=2, gamma=10,
                     probability=True))])
2025-02-15 23:27:00,339 - svm.py - train_svm - INFO - Best parameters: {'select__k': 5, 'svc__C': 1, 'svc__degree': 2, 'svc__gamma': 10, 'svc__kernel': 'rbf'}
2025-02-15 23:27:00,340 - svm.py - train_svm - INFO - Best F1 Score: 0.7534065934065934
2025-02-15 23:27:00,344 - svm.py - train_svm - INFO - Starting SVM training on dataset: data/reshaped_correlations120.csv
2025-02-15 23:27:00,662 - svm.py - train_svm - INFO - Starting hyperparameter tuning with GridSearchCV...
2025-02-15 23:29:04,222 - svm.py - train_svm - INFO - Best model: Pipeline(steps=[('scaler', StandardScaler()), ('select', SelectKBest(k=40)),
                ('svc',
                 SVC(C=0.1, class_weight='balanced', gamma=0.1, kernel='poly',
                     probability=True))])
2025-02-15 23:29:04,223 - svm.py - train_svm - INFO - Best parameters: {'select__k': 40, 'svc__C': 0.1, 'svc__degree': 3, 'svc__gamma': 0.1, 'svc__kernel': 'poly'}
2025-02-15 23:29:04,224 - svm.py - train_svm - INFO - Best F1 Score: 0.7567032967032967
2025-02-15 23:29:04,228 - svm.py - train_svm - INFO - Starting SVM training on dataset: data/reshaped_correlations5.csv
2025-02-15 23:29:04,322 - svm.py - train_svm - INFO - Starting hyperparameter tuning with GridSearchCV...
2025-02-15 23:29:46,067 - svm.py - train_svm - INFO - Best model: Pipeline(steps=[('scaler', StandardScaler()), ('select', SelectKBest(k='all')),
                ('svc',
                 SVC(C=0.1, class_weight='balanced', degree=2, gamma=0.1,
                     kernel='poly', probability=True))])
2025-02-15 23:29:46,068 - svm.py - train_svm - INFO - Best parameters: {'select__k': 'all', 'svc__C': 0.1, 'svc__degree': 2, 'svc__gamma': 0.1, 'svc__kernel': 'poly'}
2025-02-15 23:29:46,069 - svm.py - train_svm - INFO - Best F1 Score: 0.7702564102564103
2025-02-15 23:29:46,073 - svm.py - train_svm - INFO - Starting SVM training on dataset: data/reshaped_correlations60.csv
2025-02-15 23:29:46,236 - svm.py - train_svm - INFO - Starting hyperparameter tuning with GridSearchCV...
2025-02-15 23:30:49,458 - svm.py - train_svm - INFO - Best model: Pipeline(steps=[('scaler', StandardScaler()), ('select', SelectKBest(k=5)),
                ('svc',
                 SVC(C=1, class_weight='balanced', degree=2, gamma=10,
                     probability=True))])
2025-02-15 23:30:49,459 - svm.py - train_svm - INFO - Best parameters: {'select__k': 5, 'svc__C': 1, 'svc__degree': 2, 'svc__gamma': 10, 'svc__kernel': 'rbf'}
2025-02-15 23:30:49,459 - svm.py - train_svm - INFO - Best F1 Score: 0.7534065934065934
2025-02-15 23:30:51,070 - visuals.py - plot_f1_scores - INFO - f1 scores displayed
2025-02-15 23:30:51,099 - pca.py - pca - INFO - Explained Variance Ratio (PC1 and PC2) = [0.21148773 0.17430389]
2025-02-15 23:30:51,099 - pca.py - pca - INFO - Cumulative Explained Variance (PC1 and PC2) = 0.38579161708736276
2025-02-15 23:30:51,444 - pca.py - pca - INFO - Explained Variance Ratio (PC1 and PC2) = [0.15528212 0.03724581]
2025-02-15 23:30:51,444 - pca.py - pca - INFO - Cumulative Explained Variance (PC1 and PC2) = 0.19252793271525326
2025-02-15 23:31:01,084 - visuals.py - plot_pca - INFO - pca graphs displayed
2025-02-15 23:31:11,096 - visuals.py - plot_pca - INFO - pca graphs displayed
2025-02-15 23:31:21,118 - visuals.py - plot_pca - INFO - pca graphs displayed
2025-02-15 23:33:07,399 - __init__.py - wrapper - DEBUG - matplotlib data path: C:\Users\dolma\Downloads\Cohesion-Prediction-Based-on-EEG-data-main\Cohesion-Prediction-Based-on-EEG-data-main\venv\Lib\site-packages\matplotlib\mpl-data
2025-02-15 23:33:07,409 - __init__.py - wrapper - DEBUG - CONFIGDIR=C:\Users\dolma\.matplotlib
2025-02-15 23:33:07,411 - __init__.py - <module> - DEBUG - interactive is False
2025-02-15 23:33:07,412 - __init__.py - <module> - DEBUG - platform is win32
2025-02-15 23:33:07,545 - __init__.py - wrapper - DEBUG - CACHEDIR=C:\Users\dolma\.matplotlib
2025-02-15 23:33:07,550 - font_manager.py - _load_fontmanager - DEBUG - Using fontManager instance from C:\Users\dolma\.matplotlib\fontlist-v390.json
2025-02-15 23:33:08,658 - labels_preparation.py - process_labels - INFO - Labels processed
2025-02-15 23:33:10,091 - visuals.py - plot_binarisation_choice - INFO - heatbinarisation plot displayed
2025-02-15 23:33:21,307 - visuals.py - label_distribution - INFO - pie chart displayed
2025-02-15 23:33:21,358 - reshape_datasets.py - reshape_input_eeg - INFO - The reshape csv is done as data/reshaped_correlations.csv
2025-02-15 23:33:21,447 - reshape_datasets.py - reshape_input_eeg - INFO - The reshape csv is done as data/reshaped_correlations5.csv
2025-02-15 23:33:21,542 - reshape_datasets.py - reshape_input_eeg - INFO - The reshape csv is done as data/reshaped_correlations10.csv
2025-02-15 23:33:22,034 - reshape_datasets.py - reshape_input_eeg - INFO - The reshape csv is done as data/reshaped_correlations60.csv
2025-02-15 23:33:23,122 - reshape_datasets.py - reshape_input_eeg - INFO - The reshape csv is done as data/reshaped_correlations120.csv
2025-02-15 23:33:23,136 - svm.py - train_svm - INFO - Starting SVM training on dataset: data/reshaped_correlations120.csv
2025-02-15 23:33:23,390 - svm.py - train_svm - INFO - Starting hyperparameter tuning with GridSearchCV...
2025-02-15 23:34:14,052 - svm.py - train_svm - INFO - Best model: Pipeline(steps=[('scaler', StandardScaler()), ('select', SelectKBest(k=40)),
                ('svc',
                 SVC(C=0.1, class_weight='balanced', gamma=0.1, kernel='poly',
                     probability=True))])
2025-02-15 23:34:14,053 - svm.py - train_svm - INFO - Best parameters: {'select__k': 40, 'svc__C': 0.1, 'svc__degree': 3, 'svc__gamma': 0.1, 'svc__kernel': 'poly'}
2025-02-15 23:34:14,053 - svm.py - train_svm - INFO - Best F1 Score: 0.7567032967032967
2025-02-15 23:34:21,387 - visuals.py - plot_grid_search_results - INFO - grid search results displayed
2025-02-15 23:34:21,393 - svm.py - multi_datasets - INFO - Running SVM training on multiple datasets...
2025-02-15 23:34:21,413 - svm.py - train_svm - INFO - Starting SVM training on dataset: data/reshaped_correlations.csv
2025-02-15 23:34:21,475 - svm.py - train_svm - INFO - Starting hyperparameter tuning with GridSearchCV...
2025-02-15 23:34:48,951 - svm.py - train_svm - INFO - Best model: Pipeline(steps=[('scaler', StandardScaler()), ('select', SelectKBest(k=5)),
                ('svc',
                 SVC(C=1, class_weight='balanced', degree=2, gamma=10,
                     probability=True))])
2025-02-15 23:34:48,951 - svm.py - train_svm - INFO - Best parameters: {'select__k': 5, 'svc__C': 1, 'svc__degree': 2, 'svc__gamma': 10, 'svc__kernel': 'rbf'}
2025-02-15 23:34:48,951 - svm.py - train_svm - INFO - Best F1 Score: 0.7534065934065934
2025-02-15 23:34:48,953 - svm.py - train_svm - INFO - Starting SVM training on dataset: data/reshaped_correlations10.csv
2025-02-15 23:34:49,019 - svm.py - train_svm - INFO - Starting hyperparameter tuning with GridSearchCV...
2025-02-15 23:35:17,200 - svm.py - train_svm - INFO - Best model: Pipeline(steps=[('scaler', StandardScaler()), ('select', SelectKBest(k=5)),
                ('svc',
                 SVC(C=1, class_weight='balanced', degree=2, gamma=10,
                     probability=True))])
2025-02-15 23:35:17,201 - svm.py - train_svm - INFO - Best parameters: {'select__k': 5, 'svc__C': 1, 'svc__degree': 2, 'svc__gamma': 10, 'svc__kernel': 'rbf'}
2025-02-15 23:35:17,202 - svm.py - train_svm - INFO - Best F1 Score: 0.7534065934065934
2025-02-15 23:35:17,205 - svm.py - train_svm - INFO - Starting SVM training on dataset: data/reshaped_correlations120.csv
2025-02-15 23:35:17,395 - svm.py - train_svm - INFO - Starting hyperparameter tuning with GridSearchCV...
2025-02-15 23:36:07,787 - svm.py - train_svm - INFO - Best model: Pipeline(steps=[('scaler', StandardScaler()), ('select', SelectKBest(k=40)),
                ('svc',
                 SVC(C=0.1, class_weight='balanced', gamma=0.1, kernel='poly',
                     probability=True))])
2025-02-15 23:36:07,789 - svm.py - train_svm - INFO - Best parameters: {'select__k': 40, 'svc__C': 0.1, 'svc__degree': 3, 'svc__gamma': 0.1, 'svc__kernel': 'poly'}
2025-02-15 23:36:07,789 - svm.py - train_svm - INFO - Best F1 Score: 0.7567032967032967
2025-02-15 23:36:07,792 - svm.py - train_svm - INFO - Starting SVM training on dataset: data/reshaped_correlations5.csv
2025-02-15 23:36:07,862 - svm.py - train_svm - INFO - Starting hyperparameter tuning with GridSearchCV...
2025-02-15 23:38:20,778 - logger.py - <module> - INFO - I'm working :)
2025-02-15 23:49:54,510 - logger.py - <module> - INFO - I'm working :)
2025-02-15 23:50:35,131 - logger.py - <module> - INFO - I'm working :)
2025-02-16 00:21:12,313 - __init__.py - wrapper - DEBUG - matplotlib data path: C:\Users\dolma\Downloads\Cohesion-Prediction-Based-on-EEG-data-main\Cohesion-Prediction-Based-on-EEG-data-main\venv\Lib\site-packages\matplotlib\mpl-data
2025-02-16 00:21:12,327 - __init__.py - wrapper - DEBUG - CONFIGDIR=C:\Users\dolma\.matplotlib
2025-02-16 00:21:12,329 - __init__.py - <module> - DEBUG - interactive is False
2025-02-16 00:21:12,329 - __init__.py - <module> - DEBUG - platform is win32
2025-02-16 00:21:12,470 - __init__.py - wrapper - DEBUG - CACHEDIR=C:\Users\dolma\.matplotlib
2025-02-16 00:21:12,475 - font_manager.py - _load_fontmanager - DEBUG - Using fontManager instance from C:\Users\dolma\.matplotlib\fontlist-v390.json
2025-02-16 00:21:13,524 - labels_preparation.py - process_labels - INFO - Labels processed
2025-02-16 00:21:14,873 - visuals.py - plot_binarisation_choice - INFO - heatbinarisation plot displayed
2025-02-16 00:21:30,568 - visuals.py - label_distribution - INFO - pie chart displayed
2025-02-16 00:21:30,647 - reshape_datasets.py - reshape_input_eeg - INFO - The reshape csv is done as data/reshaped_correlations.csv
2025-02-16 00:21:30,716 - reshape_datasets.py - reshape_input_eeg - INFO - The reshape csv is done as data/reshaped_correlations5.csv
2025-02-16 00:21:30,814 - reshape_datasets.py - reshape_input_eeg - INFO - The reshape csv is done as data/reshaped_correlations10.csv
2025-02-16 00:21:31,242 - reshape_datasets.py - reshape_input_eeg - INFO - The reshape csv is done as data/reshaped_correlations60.csv
2025-02-16 00:21:32,404 - reshape_datasets.py - reshape_input_eeg - INFO - The reshape csv is done as data/reshaped_correlations120.csv
2025-02-16 00:21:32,418 - svm.py - train_svm - INFO - Starting SVM training on dataset: data/reshaped_correlations120.csv
2025-02-16 00:21:32,705 - svm.py - train_svm - INFO - Starting hyperparameter tuning with GridSearchCV...
2025-02-16 00:25:07,759 - labels_preparation.py - process_labels - INFO - Labels processed
2025-02-16 00:25:09,327 - visuals.py - plot_binarisation_choice - INFO - heatbinarisation plot displayed
2025-02-16 00:27:31,050 - visuals.py - label_distribution - INFO - pie chart displayed
2025-02-16 00:27:31,118 - reshape_datasets.py - reshape_input_eeg - INFO - The reshape csv is done as data/reshaped_correlations.csv
2025-02-16 00:27:31,208 - reshape_datasets.py - reshape_input_eeg - INFO - The reshape csv is done as data/reshaped_correlations5.csv
2025-02-16 00:27:31,301 - reshape_datasets.py - reshape_input_eeg - INFO - The reshape csv is done as data/reshaped_correlations10.csv
2025-02-16 00:27:31,750 - reshape_datasets.py - reshape_input_eeg - INFO - The reshape csv is done as data/reshaped_correlations60.csv
2025-02-16 00:27:32,978 - reshape_datasets.py - reshape_input_eeg - INFO - The reshape csv is done as data/reshaped_correlations120.csv
2025-02-16 00:27:33,010 - svm.py - train_svm - INFO - Starting SVM training on dataset: data/reshaped_correlations120.csv
2025-02-16 00:27:33,535 - svm.py - train_svm - INFO - Starting hyperparameter tuning with GridSearchCV...
2025-02-16 00:28:27,360 - svm.py - train_svm - INFO - Best model: Pipeline(steps=[('scaler', StandardScaler()), ('select', SelectKBest(k=40)),
                ('svc',
                 SVC(C=0.1, class_weight='balanced', gamma=0.1, kernel='poly',
                     probability=True))])
2025-02-16 00:28:27,361 - svm.py - train_svm - INFO - Best parameters: {'select__k': 40, 'svc__C': 0.1, 'svc__degree': 3, 'svc__gamma': 0.1, 'svc__kernel': 'poly'}
2025-02-16 00:28:27,362 - svm.py - train_svm - INFO - Best F1 Score: 0.7567032967032967
2025-02-16 00:28:31,096 - visuals.py - plot_grid_search_results - INFO - grid search results displayed
2025-02-16 00:28:31,097 - svm.py - multi_datasets - INFO - Running SVM training on multiple datasets...
2025-02-16 00:28:31,101 - svm.py - train_svm - INFO - Starting SVM training on dataset: data/reshaped_correlations.csv
2025-02-16 00:28:31,150 - svm.py - train_svm - INFO - Starting hyperparameter tuning with GridSearchCV...
2025-02-16 00:28:54,134 - svm.py - train_svm - INFO - Best model: Pipeline(steps=[('scaler', StandardScaler()), ('select', SelectKBest(k=5)),
                ('svc',
                 SVC(C=1, class_weight='balanced', degree=2, gamma=10,
                     probability=True))])
2025-02-16 00:28:54,136 - svm.py - train_svm - INFO - Best parameters: {'select__k': 5, 'svc__C': 1, 'svc__degree': 2, 'svc__gamma': 10, 'svc__kernel': 'rbf'}
2025-02-16 00:28:54,136 - svm.py - train_svm - INFO - Best F1 Score: 0.7534065934065934
2025-02-16 00:28:54,139 - svm.py - train_svm - INFO - Starting SVM training on dataset: data/reshaped_correlations10.csv
2025-02-16 00:28:54,194 - svm.py - train_svm - INFO - Starting hyperparameter tuning with GridSearchCV...
2025-02-16 00:29:18,198 - svm.py - train_svm - INFO - Best model: Pipeline(steps=[('scaler', StandardScaler()), ('select', SelectKBest(k=5)),
                ('svc',
                 SVC(C=1, class_weight='balanced', degree=2, gamma=10,
                     probability=True))])
2025-02-16 00:29:18,200 - svm.py - train_svm - INFO - Best parameters: {'select__k': 5, 'svc__C': 1, 'svc__degree': 2, 'svc__gamma': 10, 'svc__kernel': 'rbf'}
2025-02-16 00:29:18,200 - svm.py - train_svm - INFO - Best F1 Score: 0.7534065934065934
2025-02-16 00:29:18,204 - svm.py - train_svm - INFO - Starting SVM training on dataset: data/reshaped_correlations120.csv
2025-02-16 00:29:18,454 - svm.py - train_svm - INFO - Starting hyperparameter tuning with GridSearchCV...
2025-02-16 00:30:02,716 - svm.py - train_svm - INFO - Best model: Pipeline(steps=[('scaler', StandardScaler()), ('select', SelectKBest(k=40)),
                ('svc',
                 SVC(C=0.1, class_weight='balanced', gamma=0.1, kernel='poly',
                     probability=True))])
2025-02-16 00:30:02,718 - svm.py - train_svm - INFO - Best parameters: {'select__k': 40, 'svc__C': 0.1, 'svc__degree': 3, 'svc__gamma': 0.1, 'svc__kernel': 'poly'}
2025-02-16 00:30:02,718 - svm.py - train_svm - INFO - Best F1 Score: 0.7567032967032967
2025-02-16 00:30:02,721 - svm.py - train_svm - INFO - Starting SVM training on dataset: data/reshaped_correlations5.csv
2025-02-16 00:30:02,772 - svm.py - train_svm - INFO - Starting hyperparameter tuning with GridSearchCV...
2025-02-16 00:30:25,008 - svm.py - train_svm - INFO - Best model: Pipeline(steps=[('scaler', StandardScaler()), ('select', SelectKBest(k='all')),
                ('svc',
                 SVC(C=0.1, class_weight='balanced', degree=2, gamma=0.1,
                     kernel='poly', probability=True))])
2025-02-16 00:30:25,009 - svm.py - train_svm - INFO - Best parameters: {'select__k': 'all', 'svc__C': 0.1, 'svc__degree': 2, 'svc__gamma': 0.1, 'svc__kernel': 'poly'}
2025-02-16 00:30:25,010 - svm.py - train_svm - INFO - Best F1 Score: 0.7702564102564103
2025-02-16 00:30:25,012 - svm.py - train_svm - INFO - Starting SVM training on dataset: data/reshaped_correlations60.csv
2025-02-16 00:30:25,148 - svm.py - train_svm - INFO - Starting hyperparameter tuning with GridSearchCV...
2025-02-16 00:31:01,825 - svm.py - train_svm - INFO - Best model: Pipeline(steps=[('scaler', StandardScaler()), ('select', SelectKBest(k=5)),
                ('svc',
                 SVC(C=1, class_weight='balanced', degree=2, gamma=10,
                     probability=True))])
2025-02-16 00:31:01,826 - svm.py - train_svm - INFO - Best parameters: {'select__k': 5, 'svc__C': 1, 'svc__degree': 2, 'svc__gamma': 10, 'svc__kernel': 'rbf'}
2025-02-16 00:31:01,826 - svm.py - train_svm - INFO - Best F1 Score: 0.7534065934065934
2025-02-16 00:31:11,312 - visuals.py - plot_f1_scores - INFO - f1 scores displayed
2025-02-16 00:31:11,353 - pca.py - pca - INFO - Explained Variance Ratio (PC1 and PC2) = [0.21148773 0.17430389]
2025-02-16 00:31:11,354 - pca.py - pca - INFO - Cumulative Explained Variance (PC1 and PC2) = 0.38579161708736276
2025-02-16 00:31:11,752 - pca.py - pca - INFO - Explained Variance Ratio (PC1 and PC2) = [0.15528212 0.03724581]
2025-02-16 00:31:11,753 - pca.py - pca - INFO - Cumulative Explained Variance (PC1 and PC2) = 0.19252793271525326
2025-02-16 00:31:21,328 - visuals.py - plot_pca - INFO - pca graphs displayed
2025-02-16 00:31:31,344 - visuals.py - plot_pca - INFO - pca graphs displayed
2025-02-16 00:31:41,359 - visuals.py - plot_pca - INFO - pca graphs displayed
2025-02-16 00:31:56,378 - visuals.py - plot_pca - INFO - pca graphs displayed
2025-02-16 00:31:56,844 - cnn.py - fold_cross_validation_120dataset - INFO - Fold 1
2025-02-16 00:32:02,683 - cnn.py - train_model_early_stopping - INFO -   >> Early stopping at epoch 30!
2025-02-16 00:32:06,401 - visuals.py - plot_cross_validation_results - INFO - cross-validation results displayed
2025-02-16 00:32:06,402 - cnn.py - fold_cross_validation_120dataset - INFO - Fold 2
2025-02-16 00:32:07,399 - cnn.py - train_model_early_stopping - INFO -   >> Early stopping at epoch 22!
2025-02-16 00:32:16,405 - visuals.py - plot_cross_validation_results - INFO - cross-validation results displayed
2025-02-16 00:32:16,406 - cnn.py - fold_cross_validation_120dataset - INFO - Fold 3
2025-02-16 00:32:17,157 - cnn.py - train_model_early_stopping - INFO -   >> Early stopping at epoch 21!
2025-02-16 00:32:26,413 - visuals.py - plot_cross_validation_results - INFO - cross-validation results displayed
2025-02-16 00:32:26,414 - cnn.py - fold_cross_validation_120dataset - INFO - Fold 4
2025-02-16 00:32:27,148 - cnn.py - train_model_early_stopping - INFO -   >> Early stopping at epoch 21!
2025-02-16 00:32:36,428 - visuals.py - plot_cross_validation_results - INFO - cross-validation results displayed
2025-02-16 00:32:36,430 - cnn.py - fold_cross_validation_120dataset - INFO - Fold 5
2025-02-16 00:32:37,163 - cnn.py - train_model_early_stopping - INFO -   >> Early stopping at epoch 21!
2025-02-16 00:32:46,452 - visuals.py - plot_cross_validation_results - INFO - cross-validation results displayed
2025-02-16 00:32:46,453 - cnn.py - fold_cross_validation_120dataset - INFO - Average loss: 0.7125
2025-02-16 00:32:46,454 - cnn.py - fold_cross_validation_120dataset - INFO - Average accuracy: 0.4639
2025-02-16 00:32:46,455 - cnn.py - fold_cross_validation_120dataset - INFO - Average F1 score: 0.5781
2025-02-16 00:34:32,811 - cnn.py - fold_cross_validation_120dataset - INFO - Fold 1
2025-02-16 00:34:37,865 - cnn.py - train_model_early_stopping - INFO -   >> Early stopping at epoch 27!
2025-02-16 00:34:46,692 - visuals.py - plot_cross_validation_results - INFO - cross-validation results displayed
2025-02-16 00:34:46,693 - cnn.py - fold_cross_validation_120dataset - INFO - Fold 2
2025-02-16 00:34:47,928 - cnn.py - train_model_early_stopping - INFO -   >> Early stopping at epoch 29!
2025-02-16 00:34:56,666 - visuals.py - plot_cross_validation_results - INFO - cross-validation results displayed
2025-02-16 00:34:56,667 - cnn.py - fold_cross_validation_120dataset - INFO - Fold 3
2025-02-16 00:34:58,188 - cnn.py - train_model_early_stopping - INFO -   >> Early stopping at epoch 47!
2025-02-16 00:35:06,669 - visuals.py - plot_cross_validation_results - INFO - cross-validation results displayed
2025-02-16 00:35:06,670 - cnn.py - fold_cross_validation_120dataset - INFO - Fold 4
2025-02-16 00:35:16,681 - visuals.py - plot_cross_validation_results - INFO - cross-validation results displayed
2025-02-16 00:35:16,682 - cnn.py - fold_cross_validation_120dataset - INFO - Fold 5
2025-02-16 00:35:26,680 - visuals.py - plot_cross_validation_results - INFO - cross-validation results displayed
2025-02-16 00:35:26,681 - cnn.py - fold_cross_validation_120dataset - INFO - Average loss: 0.4889
2025-02-16 00:35:26,682 - cnn.py - fold_cross_validation_120dataset - INFO - Average accuracy: 0.6750
2025-02-16 00:35:26,683 - cnn.py - fold_cross_validation_120dataset - INFO - Average F1 score: 0.7948
2025-02-16 00:35:27,560 - cnn.py - fold_cross_validation_120dataset - ERROR - Config file not found: config/missing_config.ini
2025-02-16 00:35:28,273 - cnn.py - fold_cross_validation_120dataset - ERROR - Missing [CNN] section in config file.
2025-02-16 00:35:28,402 - labels_preparation.py - process_labels - INFO - Labels processed
2025-02-16 00:35:28,413 - labels_preparation.py - process_labels - INFO - Labels processed
2025-02-16 00:35:28,421 - labels_preparation.py - process_labels - ERROR - Missing required column: 'Average cohesion score'.
2025-02-16 00:35:28,425 - labels_preparation.py - process_labels - ERROR - File format error: Input file is not a CSV.
2025-02-16 00:35:28,440 - labels_preparation.py - process_labels - ERROR - Non-numeric values found in 'Average cohesion score' column.
2025-02-16 00:35:28,488 - svm.py - train_svm - INFO - Starting SVM training on dataset: test_insufficient_X.csv
2025-02-16 00:35:28,526 - svm.py - train_svm - ERROR - Not enough samples for 5-fold cross-validation.
2025-02-16 00:35:28,536 - svm.py - train_svm - INFO - Starting SVM training on dataset: test_X.csv
2025-02-16 00:35:28,539 - svm.py - train_svm - ERROR - Error reading CSV files: [Errno 2] No such file or directory: 'test_X.csv'
2025-02-16 00:35:28,552 - svm.py - multi_datasets - INFO - Running SVM training on multiple datasets...
2025-02-16 00:35:28,560 - svm.py - train_svm - INFO - Starting SVM training on dataset: test_X1.csv
2025-02-16 00:35:28,601 - svm.py - train_svm - INFO - Starting hyperparameter tuning with GridSearchCV...
2025-02-16 00:35:42,358 - svm.py - train_svm - INFO - Best model: Pipeline(steps=[('scaler', StandardScaler()), ('select', SelectKBest(k=5)),
                ('svc',
                 SVC(C=10, class_weight='balanced', degree=2, gamma=0.1,
                     probability=True))])
2025-02-16 00:35:42,360 - svm.py - train_svm - INFO - Best parameters: {'select__k': 5, 'svc__C': 10, 'svc__degree': 2, 'svc__gamma': 0.1, 'svc__kernel': 'rbf'}
2025-02-16 00:35:42,361 - svm.py - train_svm - INFO - Best F1 Score: 0.7333333333333333
2025-02-16 00:35:42,369 - svm.py - train_svm - INFO - Starting SVM training on dataset: test_X2.csv
2025-02-16 00:35:42,425 - svm.py - train_svm - INFO - Starting hyperparameter tuning with GridSearchCV...
2025-02-16 00:35:55,670 - svm.py - train_svm - INFO - Best model: Pipeline(steps=[('scaler', StandardScaler()), ('select', SelectKBest(k=5)),
                ('svc',
                 SVC(C=0.1, class_weight='balanced', degree=2, kernel='poly',
                     probability=True))])
2025-02-16 00:35:55,671 - svm.py - train_svm - INFO - Best parameters: {'select__k': 5, 'svc__C': 0.1, 'svc__degree': 2, 'svc__gamma': 'scale', 'svc__kernel': 'poly'}
2025-02-16 00:35:55,672 - svm.py - train_svm - INFO - Best F1 Score: 0.5999999999999999
2025-02-16 00:35:55,693 - svm.py - train_svm - INFO - Starting SVM training on dataset: test_X.csv
2025-02-16 00:35:55,739 - svm.py - train_svm - INFO - Starting hyperparameter tuning with GridSearchCV...
2025-02-16 00:36:09,901 - svm.py - train_svm - INFO - Best model: Pipeline(steps=[('scaler', StandardScaler()), ('select', SelectKBest(k=5)),
                ('svc',
                 SVC(C=1, class_weight='balanced', degree=2, gamma=0.1,
                     probability=True))])
2025-02-16 00:36:09,902 - svm.py - train_svm - INFO - Best parameters: {'select__k': 5, 'svc__C': 1, 'svc__degree': 2, 'svc__gamma': 0.1, 'svc__kernel': 'rbf'}
2025-02-16 00:36:09,902 - svm.py - train_svm - INFO - Best F1 Score: 0.7333333333333333
